<?xml version="1.0" encoding="UTF-8"?>
<!-- Generated by org.testng.reporters.JUnitXMLReporter -->
<testsuite ignored="4" hostname="LAPTOP-N3G6APIF" failures="0" tests="2" name="Surefire test" time="47.27" errors="0" timestamp="2025-09-28T15:04:42 IST">
  <testcase classname="devadmin.CreateTYKTest" name="createTYK" time="32.288"/>
  <testcase classname="devadmin.LoginTest" name="adminLogin" time="2.343"/>
  <testcase classname="generic_utility_test.BaseClass" name="@BeforeTest beforeTest" time="0.0">
    <ignored/>
  </testcase> <!-- @BeforeTest beforeTest -->
  <testcase classname="generic_utility_test.BaseClass" name="@BeforeSuite beforeSuite" time="0.0">
    <ignored/>
  </testcase> <!-- @BeforeSuite beforeSuite -->
  <testcase classname="generic_utility_test.BaseClass" name="@AfterTest afterTest" time="0.0">
    <ignored/>
  </testcase> <!-- @AfterTest afterTest -->
  <testcase classname="generic_utility_test.BaseClass" name="@AfterSuite afterSuite" time="0.0">
    <ignored/>
  </testcase> <!-- @AfterSuite afterSuite -->
</testsuite> <!-- Surefire test -->
