<?xml version="1.0" encoding="UTF-8"?>
<!-- Generated by org.testng.reporters.JUnitXMLReporter -->
<testsuite ignored="4" hostname="LAPTOP-N3G6APIF" failures="0" tests="3" name="Surefire test" time="93.231" errors="0" timestamp="2025-09-26T23:33:42 IST">
  <testcase classname="devadmin.CreateTYKTest" name="createTYK" time="36.326"/>
  <testcase classname="devadmin.LoginTest" name="adminLogin" time="4.119"/>
  <testcase classname="devadmin.LoginTest" name="createTYK" time="28.863"/>
  <testcase classname="generic_utility_test.BaseClass" name="@BeforeTest BT" time="0.0">
    <ignored/>
  </testcase> <!-- @BeforeTest BT -->
  <testcase classname="generic_utility_test.BaseClass" name="@AfterSuite AS" time="0.0">
    <ignored/>
  </testcase> <!-- @AfterSuite AS -->
  <testcase classname="generic_utility_test.BaseClass" name="@AfterTest AT" time="0.0">
    <ignored/>
  </testcase> <!-- @AfterTest AT -->
  <testcase classname="generic_utility_test.BaseClass" name="@BeforeSuite BS" time="0.0">
    <ignored/>
  </testcase> <!-- @BeforeSuite BS -->
</testsuite> <!-- Surefire test -->
