<?xml version="1.0" encoding="UTF-8"?>
<!-- Generated by org.testng.reporters.JUnitXMLReporter -->
<testsuite ignored="0" hostname="LAPTOP-N3G6APIF" failures="1" tests="3" name="smokeTest" time="0.124" errors="0" timestamp="2025-09-28T15:06:29 IST">
  <testcase classname="devadmin.CreateTYKTest" name="createTYK" time="0.026">
    <skipped/>
  </testcase> <!-- createTYK -->
  <testcase classname="devadmin.CreateTYKTest" name="createTYK" time="0.003">
    <skipped/>
  </testcase> <!-- createTYK -->
  <testcase classname="devadmin.CreateTYKTest" name="createTYK" time="0.002">
    <failure type="java.lang.IllegalStateException" message="WebDriver instance is null!">
      <![CDATA[java.lang.IllegalStateException: WebDriver instance is null!
at devadmin.CreateTYKTest.createTYK(CreateTYKTest.java:26)
at java.base/java.util.ArrayList.forEach(ArrayList.java:1511)
... Removed 27 stack frames]]>
    </failure>
  </testcase> <!-- createTYK -->
</testsuite> <!-- smokeTest -->
