<?xml version="1.0" encoding="UTF-8"?>
<testng-results ignored="0" total="3" passed="3" failed="0" skipped="0">
  <reporter-output>
  </reporter-output>
  <suite started-at="2025-09-26T23:32:09 IST" name="Surefire suite" finished-at="2025-09-26T23:33:42 IST" duration-ms="93231">
    <groups>
    </groups>
    <test started-at="2025-09-26T23:32:09 IST" name="Surefire test" finished-at="2025-09-26T23:33:42 IST" duration-ms="93231">
      <class name="devadmin.CreateTYKTest">
        <test-method is-config="true" signature="BS()[pri:0, instance:devadmin.CreateTYKTest@6f96c77]" started-at="2025-09-26T23:32:09 IST" name="BS" finished-at="2025-09-26T23:32:09 IST" duration-ms="14" status="PASS">
          <reporter-output>
          </reporter-output>
        </test-method> <!-- BS -->
        <test-method is-config="true" signature="BT()[pri:0, instance:devadmin.CreateTYKTest@6f96c77]" started-at="2025-09-26T23:32:09 IST" name="BT" finished-at="2025-09-26T23:32:09 IST" duration-ms="0" status="PASS">
          <reporter-output>
          </reporter-output>
        </test-method> <!-- BT -->
        <test-method is-config="true" signature="BC()[pri:0, instance:devadmin.CreateTYKTest@6f96c77]" started-at="2025-09-26T23:32:09 IST" name="BC" finished-at="2025-09-26T23:32:23 IST" duration-ms="13868" status="PASS">
          <reporter-output>
          </reporter-output>
        </test-method> <!-- BC -->
        <test-method signature="createTYK()[pri:0, instance:devadmin.CreateTYKTest@6f96c77]" started-at="2025-09-26T23:32:23 IST" name="createTYK" finished-at="2025-09-26T23:32:59 IST" duration-ms="36326" status="PASS">
          <reporter-output>
          </reporter-output>
        </test-method> <!-- createTYK -->
        <test-method is-config="true" signature="BM()[pri:0, instance:devadmin.CreateTYKTest@6f96c77]" started-at="2025-09-26T23:32:23 IST" name="BM" finished-at="2025-09-26T23:32:23 IST" duration-ms="0" status="PASS">
          <reporter-output>
          </reporter-output>
        </test-method> <!-- BM -->
        <test-method is-config="true" signature="AM()[pri:0, instance:devadmin.CreateTYKTest@6f96c77]" started-at="2025-09-26T23:32:59 IST" name="AM" finished-at="2025-09-26T23:32:59 IST" duration-ms="1" status="PASS">
          <reporter-output>
          </reporter-output>
        </test-method> <!-- AM -->
        <test-method is-config="true" signature="AC()[pri:0, instance:devadmin.CreateTYKTest@6f96c77]" started-at="2025-09-26T23:32:59 IST" name="AC" finished-at="2025-09-26T23:32:59 IST" duration-ms="1" status="PASS">
          <reporter-output>
          </reporter-output>
        </test-method> <!-- AC -->
        <test-method is-config="true" signature="AT()[pri:0, instance:devadmin.CreateTYKTest@6f96c77]" started-at="2025-09-26T23:33:42 IST" name="AT" finished-at="2025-09-26T23:33:42 IST" duration-ms="0" status="PASS">
          <reporter-output>
          </reporter-output>
        </test-method> <!-- AT -->
        <test-method is-config="true" signature="AS()[pri:0, instance:devadmin.CreateTYKTest@6f96c77]" started-at="2025-09-26T23:33:42 IST" name="AS" finished-at="2025-09-26T23:33:42 IST" duration-ms="1" status="PASS">
          <reporter-output>
          </reporter-output>
        </test-method> <!-- AS -->
      </class> <!-- devadmin.CreateTYKTest -->
      <class name="devadmin.LoginTest">
        <test-method is-config="true" signature="BC()[pri:0, instance:devadmin.LoginTest@470f1802]" started-at="2025-09-26T23:32:59 IST" name="BC" finished-at="2025-09-26T23:33:09 IST" duration-ms="9986" status="PASS">
          <reporter-output>
          </reporter-output>
        </test-method> <!-- BC -->
        <test-method is-config="true" signature="BM()[pri:0, instance:devadmin.LoginTest@470f1802]" started-at="2025-09-26T23:33:09 IST" name="BM" finished-at="2025-09-26T23:33:09 IST" duration-ms="1" status="PASS">
          <reporter-output>
          </reporter-output>
        </test-method> <!-- BM -->
        <test-method signature="adminLogin()[pri:0, instance:devadmin.LoginTest@470f1802]" started-at="2025-09-26T23:33:09 IST" name="adminLogin" finished-at="2025-09-26T23:33:14 IST" duration-ms="4119" status="PASS">
          <reporter-output>
          </reporter-output>
        </test-method> <!-- adminLogin -->
        <test-method is-config="true" signature="AM()[pri:0, instance:devadmin.LoginTest@470f1802]" started-at="2025-09-26T23:33:14 IST" name="AM" finished-at="2025-09-26T23:33:14 IST" duration-ms="0" status="PASS">
          <reporter-output>
          </reporter-output>
        </test-method> <!-- AM -->
        <test-method signature="createTYK()[pri:0, instance:devadmin.LoginTest@470f1802]" started-at="2025-09-26T23:33:14 IST" name="createTYK" finished-at="2025-09-26T23:33:42 IST" depends-on-methods="devadmin.LoginTest.adminLogin" duration-ms="28863" status="PASS">
          <reporter-output>
          </reporter-output>
        </test-method> <!-- createTYK -->
        <test-method is-config="true" signature="BM()[pri:0, instance:devadmin.LoginTest@470f1802]" started-at="2025-09-26T23:33:14 IST" name="BM" finished-at="2025-09-26T23:33:14 IST" duration-ms="0" status="PASS">
          <reporter-output>
          </reporter-output>
        </test-method> <!-- BM -->
        <test-method is-config="true" signature="AM()[pri:0, instance:devadmin.LoginTest@470f1802]" started-at="2025-09-26T23:33:42 IST" name="AM" finished-at="2025-09-26T23:33:42 IST" duration-ms="1" status="PASS">
          <reporter-output>
          </reporter-output>
        </test-method> <!-- AM -->
        <test-method is-config="true" signature="AC()[pri:0, instance:devadmin.LoginTest@470f1802]" started-at="2025-09-26T23:33:42 IST" name="AC" finished-at="2025-09-26T23:33:42 IST" duration-ms="0" status="PASS">
          <reporter-output>
          </reporter-output>
        </test-method> <!-- AC -->
      </class> <!-- devadmin.LoginTest -->
    </test> <!-- Surefire test -->
  </suite> <!-- Surefire suite -->
</testng-results>
