<?xml version="1.0" encoding="UTF-8"?>
<testng-results ignored="0" total="1" passed="1" failed="0" skipped="0">
  <reporter-output>
  </reporter-output>
  <suite started-at="2025-09-26T22:39:28 IST" name="Default suite" finished-at="2025-09-26T22:40:27 IST" duration-ms="59645">
    <groups>
    </groups>
    <test started-at="2025-09-26T22:39:28 IST" name="Default test" finished-at="2025-09-26T22:40:27 IST" duration-ms="59645">
      <class name="devadmin.CreateTYK">
        <test-method is-config="true" signature="BS()[pri:0, instance:devadmin.CreateTYK@3b0090a4]" started-at="2025-09-26T22:39:28 IST" name="BS" finished-at="2025-09-26T22:39:28 IST" duration-ms="14" status="PASS">
          <reporter-output>
          </reporter-output>
        </test-method> <!-- BS -->
        <test-method is-config="true" signature="BT()[pri:0, instance:devadmin.CreateTYK@3b0090a4]" started-at="2025-09-26T22:39:28 IST" name="BT" finished-at="2025-09-26T22:39:28 IST" duration-ms="1" status="PASS">
          <reporter-output>
          </reporter-output>
        </test-method> <!-- BT -->
        <test-method is-config="true" signature="BC()[pri:0, instance:devadmin.CreateTYK@3b0090a4]" started-at="2025-09-26T22:39:28 IST" name="BC" finished-at="2025-09-26T22:39:42 IST" duration-ms="14104" status="PASS">
          <reporter-output>
          </reporter-output>
        </test-method> <!-- BC -->
        <test-method is-config="true" signature="BM()[pri:0, instance:devadmin.CreateTYK@3b0090a4]" started-at="2025-09-26T22:39:42 IST" name="BM" finished-at="2025-09-26T22:39:42 IST" duration-ms="1" status="PASS">
          <reporter-output>
          </reporter-output>
        </test-method> <!-- BM -->
        <test-method signature="createTYK()[pri:0, instance:devadmin.CreateTYK@3b0090a4]" started-at="2025-09-26T22:39:42 IST" name="createTYK" finished-at="2025-09-26T22:40:27 IST" duration-ms="45463" status="PASS">
          <reporter-output>
          </reporter-output>
        </test-method> <!-- createTYK -->
        <test-method is-config="true" signature="AM()[pri:0, instance:devadmin.CreateTYK@3b0090a4]" started-at="2025-09-26T22:40:27 IST" name="AM" finished-at="2025-09-26T22:40:27 IST" duration-ms="0" status="PASS">
          <reporter-output>
          </reporter-output>
        </test-method> <!-- AM -->
        <test-method is-config="true" signature="AC()[pri:0, instance:devadmin.CreateTYK@3b0090a4]" started-at="2025-09-26T22:40:27 IST" name="AC" finished-at="2025-09-26T22:40:27 IST" duration-ms="0" status="PASS">
          <reporter-output>
          </reporter-output>
        </test-method> <!-- AC -->
        <test-method is-config="true" signature="AT()[pri:0, instance:devadmin.CreateTYK@3b0090a4]" started-at="2025-09-26T22:40:27 IST" name="AT" finished-at="2025-09-26T22:40:27 IST" duration-ms="2" status="PASS">
          <reporter-output>
          </reporter-output>
        </test-method> <!-- AT -->
        <test-method is-config="true" signature="AS()[pri:0, instance:devadmin.CreateTYK@3b0090a4]" started-at="2025-09-26T22:40:27 IST" name="AS" finished-at="2025-09-26T22:40:27 IST" duration-ms="1" status="PASS">
          <reporter-output>
          </reporter-output>
        </test-method> <!-- AS -->
      </class> <!-- devadmin.CreateTYK -->
    </test> <!-- Default test -->
  </suite> <!-- Default suite -->
</testng-results>
